# JRE version: OpenJDK Runtime Environment Zulu17.46+19-CA (17.0.9+8) (build 17.0.9+8-LTS)
# Java VM: OpenJDK 64-Bit Server VM Zulu17.46+19-CA (17.0.9+8-LTS, mixed mode, sharing, tiered, compressed oops, compressed class ptrs, g1 gc, windows-amd64)
GC Precious Log:
 CPUs: 4 total, 4 available
 Memory: 3835M
 Large Page Support: Disabled
 NUMA Support: Disabled
 Compressed Oops: Enabled (32-bit)
 Heap Region Size: 1M
 Heap Min Capacity: 8M
 Heap Initial Capacity: 60M
 Heap Max Capacity: 960M
 Pre-touch: Disabled
 Parallel Workers: 4
 Concurrent Workers: 1
 Concurrent Refinement Workers: 4
 Periodic GC: Disabled
Heap:
 garbage-first heap   total 61440K, used 32694K [0x00000000c4000000, 0x0000000100000000)
  region size 1024K, 25 young (25600K), 4 survivors (4096K)
 Metaspace       used 19290K, committed 19584K, reserved 1114112K
  class space    used 2358K, committed 2496K, reserved 1048576K
GC Heap History (8 events):
Event: 6.369 GC heap before
{Heap before GC invocations=0 (full 0):
 garbage-first heap   total 61440K, used 15360K [0x00000000c4000000, 0x0000000100000000)
  region size 1024K, 13 young (13312K), 0 survivors (0K)
 Metaspace       used 2197K, committed 2304K, reserved 1114112K
  class space    used 180K, committed 256K, reserved 1048576K
}
Event: 6.560 GC heap after
{Heap after GC invocations=1 (full 0):
 garbage-first heap   total 61440K, used 9057K [0x00000000c4000000, 0x0000000100000000)
  region size 1024K, 2 young (2048K), 2 survivors (2048K)
 Metaspace       used 2197K, committed 2304K, reserved 1114112K
  class space    used 180K, committed 256K, reserved 1048576K
}
Event: 8.473 GC heap before
{Heap before GC invocations=1 (full 0):
 garbage-first heap   total 61440K, used 16225K [0x00000000c4000000, 0x0000000100000000)
  region size 1024K, 10 young (10240K), 2 survivors (2048K)
 Metaspace       used 4930K, committed 5184K, reserved 1114112K
  class space    used 546K, committed 640K, reserved 1048576K
}
Event: 8.482 GC heap after
{Heap after GC invocations=2 (full 0):
 garbage-first heap   total 61440K, used 10289K [0x00000000c4000000, 0x0000000100000000)
  region size 1024K, 2 young (2048K), 2 survivors (2048K)
 Metaspace       used 4930K, committed 5184K, reserved 1114112K
  class space    used 546K, committed 640K, reserved 1048576K
}
Event: 10.498 GC heap before
{Heap before GC invocations=2 (full 0):
 garbage-first heap   total 61440K, used 27697K [0x00000000c4000000, 0x0000000100000000)
  region size 1024K, 18 young (18432K), 2 survivors (2048K)
 Metaspace       used 6915K, committed 7104K, reserved 1114112K
  class space    used 800K, committed 896K, reserved 1048576K
}
Event: 10.504 GC heap after
{Heap after GC invocations=3 (full 0):
 garbage-first heap   total 61440K, used 10926K [0x00000000c4000000, 0x0000000100000000)
  region size 1024K, 2 young (2048K), 2 survivors (2048K)
 Metaspace       used 6915K, committed 7104K, reserved 1114112K
  class space    used 800K, committed 896K, reserved 1048576K
}
Event: 15.615 GC heap before
{Heap before GC invocations=3 (full 0):
 garbage-first heap   total 61440K, used 40622K [0x00000000c4000000, 0x0000000100000000)
  region size 1024K, 31 young (31744K), 2 survivors (2048K)
 Metaspace       used 14320K, committed 14528K, reserved 1114112K
  class space    used 1715K, committed 1792K, reserved 1048576K
}
Event: 15.627 GC heap after
{Heap after GC invocations=4 (full 0):
 garbage-first heap   total 61440K, used 13238K [0x00000000c4000000, 0x0000000100000000)
  region size 1024K, 4 young (4096K), 4 survivors (4096K)
 Metaspace       used 14320K, committed 14528K, reserved 1114112K
  class space    used 1715K, committed 1792K, reserved 1048576K
}

