# JRE version: OpenJDK Runtime Environment Zulu17.46+19-CA (17.0.9+8) (build 17.0.9+8-LTS)
# Java VM: OpenJDK 64-Bit Server VM Zulu17.46+19-CA (17.0.9+8-LTS, mixed mode, sharing, tiered, compressed oops, compressed class ptrs, g1 gc, windows-amd64)
GC Precious Log:
 CPUs: 4 total, 4 available
 Memory: 3835M
 Large Page Support: Disabled
 NUMA Support: Disabled
 Compressed Oops: Enabled (32-bit)
 Heap Region Size: 1M
 Heap Min Capacity: 8M
 Heap Initial Capacity: 60M
 Heap Max Capacity: 960M
 Pre-touch: Disabled
 Parallel Workers: 4
 Concurrent Workers: 1
 Concurrent Refinement Workers: 4
 Periodic GC: Disabled
Heap:
 garbage-first heap   total 71680K, used 44333K [0x00000000c4000000, 0x0000000100000000)
  region size 1024K, 6 young (6144K), 3 survivors (3072K)
 Metaspace       used 65077K, committed 65600K, reserved 1114112K
  class space    used 8554K, committed 8832K, reserved 1048576K
GC Heap History (20 events):
Event: 19.711 GC heap before
{Heap before GC invocations=18 (full 0):
 garbage-first heap   total 61440K, used 48899K [0x00000000c4000000, 0x0000000100000000)
  region size 1024K, 19 young (19456K), 3 survivors (3072K)
 Metaspace       used 40787K, committed 41216K, reserved 1114112K
  class space    used 5175K, committed 5376K, reserved 1048576K
}
Event: 19.718 GC heap after
{Heap after GC invocations=19 (full 0):
 garbage-first heap   total 61440K, used 31604K [0x00000000c4000000, 0x0000000100000000)
  region size 1024K, 2 young (2048K), 2 survivors (2048K)
 Metaspace       used 40787K, committed 41216K, reserved 1114112K
  class space    used 5175K, committed 5376K, reserved 1048576K
}
Event: 20.002 GC heap before
{Heap before GC invocations=19 (full 0):
 garbage-first heap   total 61440K, used 47988K [0x00000000c4000000, 0x0000000100000000)
  region size 1024K, 18 young (18432K), 2 survivors (2048K)
 Metaspace       used 41002K, committed 41408K, reserved 1114112K
  class space    used 5201K, committed 5376K, reserved 1048576K
}
Event: 20.006 GC heap after
{Heap after GC invocations=20 (full 0):
 garbage-first heap   total 61440K, used 32654K [0x00000000c4000000, 0x0000000100000000)
  region size 1024K, 3 young (3072K), 3 survivors (3072K)
 Metaspace       used 41002K, committed 41408K, reserved 1114112K
  class space    used 5201K, committed 5376K, reserved 1048576K
}
Event: 21.076 GC heap before
{Heap before GC invocations=21 (full 0):
 garbage-first heap   total 61440K, used 48014K [0x00000000c4000000, 0x0000000100000000)
  region size 1024K, 19 young (19456K), 3 survivors (3072K)
 Metaspace       used 43082K, committed 43648K, reserved 1114112K
  class space    used 5494K, committed 5760K, reserved 1048576K
}
Event: 21.082 GC heap after
{Heap after GC invocations=22 (full 0):
 garbage-first heap   total 61440K, used 32893K [0x00000000c4000000, 0x0000000100000000)
  region size 1024K, 2 young (2048K), 2 survivors (2048K)
 Metaspace       used 43082K, committed 43648K, reserved 1114112K
  class space    used 5494K, committed 5760K, reserved 1048576K
}
Event: 22.314 GC heap before
{Heap before GC invocations=22 (full 0):
 garbage-first heap   total 61440K, used 48253K [0x00000000c4000000, 0x0000000100000000)
  region size 1024K, 18 young (18432K), 2 survivors (2048K)
 Metaspace       used 46375K, committed 46848K, reserved 1114112K
  class space    used 6007K, committed 6208K, reserved 1048576K
}
Event: 22.321 GC heap after
{Heap after GC invocations=23 (full 0):
 garbage-first heap   total 61440K, used 34109K [0x00000000c4000000, 0x0000000100000000)
  region size 1024K, 3 young (3072K), 3 survivors (3072K)
 Metaspace       used 46375K, committed 46848K, reserved 1114112K
  class space    used 6007K, committed 6208K, reserved 1048576K
}
Event: 23.857 GC heap before
{Heap before GC invocations=24 (full 0):
 garbage-first heap   total 61440K, used 49469K [0x00000000c4000000, 0x0000000100000000)
  region size 1024K, 18 young (18432K), 3 survivors (3072K)
 Metaspace       used 48692K, committed 49216K, reserved 1114112K
  class space    used 6302K, committed 6528K, reserved 1048576K
}
Event: 23.867 GC heap after
{Heap after GC invocations=25 (full 0):
 garbage-first heap   total 61440K, used 35978K [0x00000000c4000000, 0x0000000100000000)
  region size 1024K, 3 young (3072K), 3 survivors (3072K)
 Metaspace       used 48692K, committed 49216K, reserved 1114112K
  class space    used 6302K, committed 6528K, reserved 1048576K
}
Event: 24.213 GC heap before
{Heap before GC invocations=25 (full 0):
 garbage-first heap   total 61440K, used 49290K [0x00000000c4000000, 0x0000000100000000)
  region size 1024K, 16 young (16384K), 3 survivors (3072K)
 Metaspace       used 49847K, committed 50368K, reserved 1114112K
  class space    used 6454K, committed 6720K, reserved 1048576K
}
Event: 24.220 GC heap after
{Heap after GC invocations=26 (full 0):
 garbage-first heap   total 61440K, used 39126K [0x00000000c4000000, 0x0000000100000000)
  region size 1024K, 2 young (2048K), 2 survivors (2048K)
 Metaspace       used 49847K, committed 50368K, reserved 1114112K
  class space    used 6454K, committed 6720K, reserved 1048576K
}
Event: 25.767 GC heap before
{Heap before GC invocations=27 (full 0):
 garbage-first heap   total 70656K, used 49366K [0x00000000c4000000, 0x0000000100000000)
  region size 1024K, 12 young (12288K), 2 survivors (2048K)
 Metaspace       used 50832K, committed 51328K, reserved 1114112K
  class space    used 6618K, committed 6848K, reserved 1048576K
}
Event: 25.774 GC heap after
{Heap after GC invocations=28 (full 0):
 garbage-first heap   total 70656K, used 40202K [0x00000000c4000000, 0x0000000100000000)
  region size 1024K, 1 young (1024K), 1 survivors (1024K)
 Metaspace       used 50832K, committed 51328K, reserved 1114112K
  class space    used 6618K, committed 6848K, reserved 1048576K
}
Event: 30.348 GC heap before
{Heap before GC invocations=28 (full 0):
 garbage-first heap   total 70656K, used 55562K [0x00000000c4000000, 0x0000000100000000)
  region size 1024K, 16 young (16384K), 1 survivors (1024K)
 Metaspace       used 53889K, committed 54400K, reserved 1114112K
  class space    used 7042K, committed 7296K, reserved 1048576K
}
Event: 30.356 GC heap after
{Heap after GC invocations=29 (full 0):
 garbage-first heap   total 70656K, used 40715K [0x00000000c4000000, 0x0000000100000000)
  region size 1024K, 2 young (2048K), 2 survivors (2048K)
 Metaspace       used 53889K, committed 54400K, reserved 1114112K
  class space    used 7042K, committed 7296K, reserved 1048576K
}
Event: 34.422 GC heap before
{Heap before GC invocations=30 (full 0):
 garbage-first heap   total 71680K, used 55051K [0x00000000c4000000, 0x0000000100000000)
  region size 1024K, 17 young (17408K), 2 survivors (2048K)
 Metaspace       used 57380K, committed 57792K, reserved 1114112K
  class space    used 7615K, committed 7808K, reserved 1048576K
}
Event: 34.428 GC heap after
{Heap after GC invocations=31 (full 0):
 garbage-first heap   total 71680K, used 41521K [0x00000000c4000000, 0x0000000100000000)
  region size 1024K, 3 young (3072K), 3 survivors (3072K)
 Metaspace       used 57380K, committed 57792K, reserved 1114112K
  class space    used 7615K, committed 7808K, reserved 1048576K
}
Event: 50.583 GC heap before
{Heap before GC invocations=31 (full 0):
 garbage-first heap   total 71680K, used 57905K [0x00000000c4000000, 0x0000000100000000)
  region size 1024K, 19 young (19456K), 3 survivors (3072K)
 Metaspace       used 64609K, committed 65152K, reserved 1114112K
  class space    used 8481K, committed 8768K, reserved 1048576K
}
Event: 50.636 GC heap after
{Heap after GC invocations=32 (full 0):
 garbage-first heap   total 71680K, used 43309K [0x00000000c4000000, 0x0000000100000000)
  region size 1024K, 3 young (3072K), 3 survivors (3072K)
 Metaspace       used 64609K, committed 65152K, reserved 1114112K
  class space    used 8481K, committed 8768K, reserved 1048576K
}

